<?xml version="1.0" encoding="UTF-8"?>
<testsuites name="TestSuite-1" time="24.068" tests="1" failures="0" errors="0">
   <testsuite name="TestSuite-1" tests="1" failures="0" errors="0" time="24.068" skipped="0" timestamp="2025-07-02T08:17:12.402Z" hostname="LAPTOP-9J8MPEQS$ - LAPTOP-9J8MPEQS" id="Test Suites/TestSuite-1">
      <properties>
         <property name="deviceName" value=""/>
         <property name="devicePlatform"/>
         <property name="logFolder" value="C:\\Users\\User\\git\\CICD_Tutor\\Reports\\20250702_151708\\TestSuite-1\\20250702_151709"/>
         <property name="logFiles" value="C:\\Users\\User\\git\\CICD_Tutor\\Reports\\20250702_151708\\TestSuite-1\\20250702_151709\\console0.log, C:\\Users\\User\\git\\CICD_Tutor\\Reports\\20250702_151708\\TestSuite-1\\20250702_151709\\execution0.log"/>
         <property name="attachments" value=""/>
         <property name="hostName" value="LAPTOP-9J8MPEQS$ - LAPTOP-9J8MPEQS"/>
         <property name="os" value="Windows 11 64bit"/>
         <property name="katalonVersion" value="10.2.3.0"/>
         <property name="browser" value="Firefox 140.0.2"/>
         <property name="userFullName" value="enterprisekatalongmailcom"/>
         <property name="hostAddress" value="172.20.31.128"/>
         <property name="sessionId" value="ce02fed2-6fcc-49e5-be31-1dc6054fb206"/>
         <property name="projectName" value="CICD_Tutor"/>
         <property name="seleniumVersion" value="4.28.1"/>
         <property name="proxyInformation" value="ProxyInformation { proxyOption=NO_PROXY, proxyServerType=HTTP, username=, password=********, proxyServerAddress=, proxyServerPort=0, executionList=&quot;&quot;, isApplyToDesiredCapabilities=true }"/>
         <property name="platform" value="Windows 11"/>
      </properties>
      <testcase name="Test Cases/CICD_Tutor" time="23.639" classname="Test Cases/CICD_Tutor" status="PASSED">
         <system-out><![CDATA[02-07-2025T15:17:12 - [TEST_CASE][PASSED] - Test Cases/CICD_Tutor: Test Cases/CICD_Tutor

02-07-2025T15:17:13 - [TEST_STEP][PASSED] - openBrowser(""): Browser is opened with url: ''

02-07-2025T15:17:13 - [MESSAGE][INFO] - Starting 'Firefox' driver

02-07-2025T15:17:13 - [MESSAGE][INFO] - Action delay is set to 0 milliseconds

02-07-2025T15:17:20 - [MESSAGE][PASSED] - Browser is opened with url: ''

02-07-2025T15:17:20 - [TEST_STEP][PASSED] - navigateToUrl("https://katalon-demo-cura.herokuapp.com/"): Navigate to 'https://katalon-demo-cura.herokuapp.com/' successfully

02-07-2025T15:17:23 - [MESSAGE][PASSED] - Navigate to 'https://katalon-demo-cura.herokuapp.com/' successfully

02-07-2025T15:17:23 - [TEST_STEP][PASSED] - click(findTestObject("Object Repository/Page_CURA Healthcare Service/a_Make Appointment")): Object: 'Object Repository/Page_CURA Healthcare Service/a_Make Appointment' is clicked on

02-07-2025T15:17:24 - [MESSAGE][PASSED] - Object: 'Object Repository/Page_CURA Healthcare Service/a_Make Appointment' is clicked on

02-07-2025T15:17:24 - [TEST_STEP][PASSED] - setText(findTestObject("Object Repository/Page_CURA Healthcare Service/input_Username_username"), "John Doe"): Text 'John Doe' is set on object 'Object Repository/Page_CURA Healthcare Service/input_Username_username'

02-07-2025T15:17:25 - [MESSAGE][PASSED] - Text 'John Doe' is set on object 'Object Repository/Page_CURA Healthcare Service/input_Username_username'

02-07-2025T15:17:25 - [TEST_STEP][PASSED] - setEncryptedText(findTestObject("Object Repository/Page_CURA Healthcare Service/input_Password_password"), "g3/DOGG74jC3Flrr3yH+3D/yKbOqqUNM"): Text ****** has been set on object 'Object Repository/Page_CURA Healthcare Service/input_Password_password'

02-07-2025T15:17:26 - [MESSAGE][PASSED] - Text ****** has been set on object 'Object Repository/Page_CURA Healthcare Service/input_Password_password'

02-07-2025T15:17:26 - [TEST_STEP][PASSED] - click(findTestObject("Object Repository/Page_CURA Healthcare Service/button_Login")): Object: 'Object Repository/Page_CURA Healthcare Service/button_Login' is clicked on

02-07-2025T15:17:26 - [MESSAGE][PASSED] - Object: 'Object Repository/Page_CURA Healthcare Service/button_Login' is clicked on

02-07-2025T15:17:26 - [TEST_STEP][PASSED] - selectOptionByValue(findTestObject("Object Repository/Page_CURA Healthcare Service/select_Tokyo CURA Healthcare Center        _5b4107"), "Hongkong CURA Healthcare Center", true): All options with value 'Hongkong CURA Healthcare Center' are selected in object 'Object Repository/Page_CURA Healthcare Service/select_Tokyo CURA Healthcare Center        _5b4107'  using regular expression

02-07-2025T15:17:28 - [MESSAGE][PASSED] - All options with value 'Hongkong CURA Healthcare Center' are selected in object 'Object Repository/Page_CURA Healthcare Service/select_Tokyo CURA Healthcare Center        _5b4107'  using regular expression

02-07-2025T15:17:28 - [TEST_STEP][PASSED] - click(findTestObject("Object Repository/Page_CURA Healthcare Service/input_Apply for hospital readmission_hospit_63901f")): Object: 'Object Repository/Page_CURA Healthcare Service/input_Apply for hospital readmission_hospit_63901f' is clicked on

02-07-2025T15:17:28 - [MESSAGE][PASSED] - Object: 'Object Repository/Page_CURA Healthcare Service/input_Apply for hospital readmission_hospit_63901f' is clicked on

02-07-2025T15:17:28 - [TEST_STEP][PASSED] - click(findTestObject("Object Repository/Page_CURA Healthcare Service/input_Medicaid_programs")): Object: 'Object Repository/Page_CURA Healthcare Service/input_Medicaid_programs' is clicked on

02-07-2025T15:17:29 - [MESSAGE][PASSED] - Object: 'Object Repository/Page_CURA Healthcare Service/input_Medicaid_programs' is clicked on

02-07-2025T15:17:29 - [TEST_STEP][PASSED] - delay(3): Delayed 3 second(s)

02-07-2025T15:17:32 - [MESSAGE][PASSED] - Delayed 3 second(s)

02-07-2025T15:17:32 - [TEST_STEP][PASSED] - click(findTestObject("Object Repository/Page_CURA Healthcare Service/input_Visit Date (Required)_visit_date")): Object: 'Object Repository/Page_CURA Healthcare Service/input_Visit Date (Required)_visit_date' is clicked on

02-07-2025T15:17:32 - [MESSAGE][PASSED] - Object: 'Object Repository/Page_CURA Healthcare Service/input_Visit Date (Required)_visit_date' is clicked on

02-07-2025T15:17:32 - [TEST_STEP][PASSED] - click(findTestObject("Page_CURA Healthcare Service/pilih_tanggal")): Object: 'Object Repository/Page_CURA Healthcare Service/pilih_tanggal' is clicked on

02-07-2025T15:17:33 - [MESSAGE][PASSED] - Object: 'Object Repository/Page_CURA Healthcare Service/pilih_tanggal' is clicked on

02-07-2025T15:17:33 - [TEST_STEP][PASSED] - setText(findTestObject("Object Repository/Page_CURA Healthcare Service/textarea_Comment_comment"), "Test CICD"): Text 'Test CICD' is set on object 'Object Repository/Page_CURA Healthcare Service/textarea_Comment_comment'

02-07-2025T15:17:33 - [MESSAGE][PASSED] - Text 'Test CICD' is set on object 'Object Repository/Page_CURA Healthcare Service/textarea_Comment_comment'

02-07-2025T15:17:33 - [TEST_STEP][PASSED] - click(findTestObject("Object Repository/Page_CURA Healthcare Service/button_Book Appointment")): Object: 'Object Repository/Page_CURA Healthcare Service/button_Book Appointment' is clicked on

02-07-2025T15:17:34 - [MESSAGE][PASSED] - Object: 'Object Repository/Page_CURA Healthcare Service/button_Book Appointment' is clicked on

02-07-2025T15:17:34 - [TEST_STEP][PASSED] - verifyElementPresent(findTestObject("Object Repository/Page_CURA Healthcare Service/h2_Appointment Confirmation"), 0): Object 'Object Repository/Page_CURA Healthcare Service/h2_Appointment Confirmation' is present

02-07-2025T15:17:34 - [MESSAGE][WARNING] - Timeout '0' is invalid. Using default page load timeout: '30'

02-07-2025T15:17:35 - [MESSAGE][PASSED] - Object 'Object Repository/Page_CURA Healthcare Service/h2_Appointment Confirmation' is present

02-07-2025T15:17:35 - [TEST_STEP][PASSED] - verifyElementVisible(findTestObject("Object Repository/Page_CURA Healthcare Service/p_Please be informed that your appointment _11813a")): Object 'Object Repository/Page_CURA Healthcare Service/p_Please be informed that your appointment _11813a' is visible

02-07-2025T15:17:35 - [MESSAGE][PASSED] - Object 'Object Repository/Page_CURA Healthcare Service/p_Please be informed that your appointment _11813a' is visible

02-07-2025T15:17:35 - [TEST_STEP][PASSED] - closeBrowser(STOP_ON_FAILURE): Browser is closed

02-07-2025T15:17:36 - [MESSAGE][PASSED] - Browser is closed]]></system-out>
         <system-err><![CDATA[]]></system-err>
      </testcase>
      <system-out><![CDATA[02-07-2025T15:17:12 - [TEST_SUITE][PASSED] - TestSuite-1: null]]></system-out>
      <system-err><![CDATA[]]></system-err>
   </testsuite>
</testsuites>
